<?xml version="1.0" encoding="UTF-8"?>
<testng-results ignored="0" total="2" passed="2" failed="0" skipped="0">
  <reporter-output>
  </reporter-output>
  <suite started-at="2022-09-08T17:31:13 IST" name="Default suite" finished-at="2022-09-08T17:31:48 IST" duration-ms="35618">
    <groups>
    </groups>
    <test started-at="2022-09-08T17:31:13 IST" name="Default test" finished-at="2022-09-08T17:31:48 IST" duration-ms="35618">
      <class name="WebDriverPackage.Reporting2">
        <test-method signature="report2()[pri:0, instance:WebDriverPackage.Reporting2@140c9f39]" started-at="2022-09-08T17:31:13 IST" name="report2" description="Verify that the page goes to logged in mode after entering the correct credentials" finished-at="2022-09-08T17:31:48 IST" duration-ms="34479" status="PASS">
          <reporter-output>
          </reporter-output>
        </test-method> <!-- report2 -->
        <test-method signature="report2()[pri:0, instance:WebDriverPackage.Reporting2@140c9f39]" started-at="2022-09-08T17:31:13 IST" name="report2" description="Verify that the page goes to logged in mode after entering the correct credentials" finished-at="2022-09-08T17:31:48 IST" duration-ms="35295" status="PASS">
          <reporter-output>
          </reporter-output>
        </test-method> <!-- report2 -->
      </class> <!-- WebDriverPackage.Reporting2 -->
    </test> <!-- Default test -->
  </suite> <!-- Default suite -->
</testng-results>
